Using pre-set license
Built from '2022.3/staging' branch; Version is '2022.3.14f1 (eff2de9070d8) revision 15725278'; Using compiler version '192829333'; Build Type 'Release'
OS: 'Windows 11  (10.0.22631) 64bit CoreSingleLanguage' Language: 'en' Physical Memory: 15611 MB
BatchMode: 1, IsHumanControllingUs: 0, StartBugReporterOnCrash: 0, Is64bit: 1, IsPro: 1

COMMAND LINE ARGUMENTS:
C:\Program Files\Unity\Hub\Editor\2022.3.14f1\Editor\Unity.exe
-adb2
-batchMode
-noUpm
-name
AssetImportWorker2
-projectPath
E:/Hoctap/Prj_Github/CG_project/FinalPRJ/SnakeAsianAdventure3D
-logFile
Logs/AssetImportWorker2.log
-srvPort
60677
Successfully changed project path to: E:/Hoctap/Prj_Github/CG_project/FinalPRJ/SnakeAsianAdventure3D
E:/Hoctap/Prj_Github/CG_project/FinalPRJ/SnakeAsianAdventure3D
[UnityMemory] Configuration Parameters - Can be set up in boot.config
    "memorysetup-bucket-allocator-granularity=16"
    "memorysetup-bucket-allocator-bucket-count=8"
    "memorysetup-bucket-allocator-block-size=33554432"
    "memorysetup-bucket-allocator-block-count=8"
    "memorysetup-main-allocator-block-size=16777216"
    "memorysetup-thread-allocator-block-size=16777216"
    "memorysetup-gfx-main-allocator-block-size=16777216"
    "memorysetup-gfx-thread-allocator-block-size=16777216"
    "memorysetup-cache-allocator-block-size=4194304"
    "memorysetup-typetree-allocator-block-size=2097152"
    "memorysetup-profiler-bucket-allocator-granularity=16"
    "memorysetup-profiler-bucket-allocator-bucket-count=8"
    "memorysetup-profiler-bucket-allocator-block-size=33554432"
    "memorysetup-profiler-bucket-allocator-block-count=8"
    "memorysetup-profiler-allocator-block-size=16777216"
    "memorysetup-profiler-editor-allocator-block-size=1048576"
    "memorysetup-temp-allocator-size-main=16777216"
    "memorysetup-job-temp-allocator-block-size=2097152"
    "memorysetup-job-temp-allocator-block-size-background=1048576"
    "memorysetup-job-temp-allocator-reduction-small-platforms=262144"
    "memorysetup-allocator-temp-initial-block-size-main=262144"
    "memorysetup-allocator-temp-initial-block-size-worker=262144"
    "memorysetup-temp-allocator-size-background-worker=32768"
    "memorysetup-temp-allocator-size-job-worker=262144"
    "memorysetup-temp-allocator-size-preload-manager=33554432"
    "memorysetup-temp-allocator-size-nav-mesh-worker=65536"
    "memorysetup-temp-allocator-size-audio-worker=65536"
    "memorysetup-temp-allocator-size-cloud-worker=32768"
    "memorysetup-temp-allocator-size-gi-baking-worker=262144"
    "memorysetup-temp-allocator-size-gfx=262144"
Player connection [12776] Host "[IP] 192.168.0.102 [Port] 0 [Flags] 2 [Guid] 3995746281 [EditorId] 3995746281 [Version] 1048832 [Id] WindowsEditor(7,TUFSOLDIER-A15) [Debug] 1 [PackageName] WindowsEditor [ProjectName] Editor" joined multi-casting on [225.0.0.222:54997]...

Player connection [12776] Host "[IP] 192.168.0.102 [Port] 0 [Flags] 2 [Guid] 3995746281 [EditorId] 3995746281 [Version] 1048832 [Id] WindowsEditor(7,TUFSOLDIER-A15) [Debug] 1 [PackageName] WindowsEditor [ProjectName] Editor" joined alternative multi-casting on [225.0.0.222:34997]...

[Physics::Module] Initialized MultithreadedJobDispatcher with 11 workers.
Refreshing native plugins compatible for Editor in 168.34 ms, found 3 plugins.
Preloading 0 native plugins for Editor in 0.00 ms.
Initialize engine version: 2022.3.14f1 (eff2de9070d8)
[Subsystems] Discovering subsystems at path C:/Program Files/Unity/Hub/Editor/2022.3.14f1/Editor/Data/Resources/UnitySubsystems
[Subsystems] Discovering subsystems at path E:/Hoctap/Prj_Github/CG_project/FinalPRJ/SnakeAsianAdventure3D/Assets
GfxDevice: creating device client; threaded=0; jobified=0
Direct3D:
    Version:  Direct3D 11.0 [level 11.1]
    Renderer: NVIDIA GeForce RTX 4050 Laptop GPU (ID=0x28e1)
    Vendor:   NVIDIA
    VRAM:     5921 MB
    Driver:   32.0.15.6590
Initialize mono
Mono path[0] = 'C:/Program Files/Unity/Hub/Editor/2022.3.14f1/Editor/Data/Managed'
Mono path[1] = 'C:/Program Files/Unity/Hub/Editor/2022.3.14f1/Editor/Data/MonoBleedingEdge/lib/mono/unityjit-win32'
Mono config path = 'C:/Program Files/Unity/Hub/Editor/2022.3.14f1/Editor/Data/MonoBleedingEdge/etc'
Using monoOptions --debugger-agent=transport=dt_socket,embedding=1,server=y,suspend=n,address=127.0.0.1:56340
Begin MonoManager ReloadAssembly
Registering precompiled unity dll's ...
Register platform support module: C:/Program Files/Unity/Hub/Editor/2022.3.14f1/Editor/Data/PlaybackEngines/WindowsStandaloneSupport/UnityEditor.WindowsStandalone.Extensions.dll
Registered in 0.005385 seconds.
- Loaded All Assemblies, in  0.764 seconds
Native extension for WindowsStandalone target not found
Mono: successfully reloaded assembly
- Finished resetting the current domain, in  0.235 seconds
Domain Reload Profiling: 999ms
	BeginReloadAssembly (121ms)
		ExecutionOrderSort (0ms)
		DisableScriptedObjects (0ms)
		BackupInstance (0ms)
		ReleaseScriptingObjects (0ms)
		CreateAndSetChildDomain (1ms)
	RebuildCommonClasses (216ms)
	RebuildNativeTypeToScriptingClass (10ms)
	initialDomainReloadingComplete (49ms)
	LoadAllAssembliesAndSetupDomain (368ms)
		LoadAssemblies (119ms)
		RebuildTransferFunctionScriptingTraits (0ms)
		AnalyzeDomain (367ms)
			TypeCache.Refresh (365ms)
				TypeCache.ScanAssembly (353ms)
			ScanForSourceGeneratedMonoScriptInfo (0ms)
			ResolveRequiredComponents (1ms)
	FinalizeReload (236ms)
		ReleaseScriptCaches (0ms)
		RebuildScriptCaches (0ms)
		SetupLoadedEditorAssemblies (184ms)
			LogAssemblyErrors (0ms)
			InitializePlatformSupportModulesInManaged (7ms)
			SetLoadedEditorAssemblies (6ms)
			RefreshPlugins (0ms)
			BeforeProcessingInitializeOnLoad (2ms)
			ProcessInitializeOnLoadAttributes (119ms)
			ProcessInitializeOnLoadMethodAttributes (50ms)
			AfterProcessingInitializeOnLoad (0ms)
			EditorAssembliesLoaded (0ms)
		ExecutionOrderSort2 (0ms)
		AwakeInstancesAfterBackupRestoration (0ms)
========================================================================
Worker process is ready to serve import requests
Begin MonoManager ReloadAssembly
- Loaded All Assemblies, in  0.620 seconds
Refreshing native plugins compatible for Editor in 1.68 ms, found 3 plugins.
Native extension for WindowsStandalone target not found
Mono: successfully reloaded assembly
- Finished resetting the current domain, in  0.482 seconds
Domain Reload Profiling: 1101ms
	BeginReloadAssembly (127ms)
		ExecutionOrderSort (0ms)
		DisableScriptedObjects (4ms)
		BackupInstance (0ms)
		ReleaseScriptingObjects (0ms)
		CreateAndSetChildDomain (20ms)
	RebuildCommonClasses (26ms)
	RebuildNativeTypeToScriptingClass (8ms)
	initialDomainReloadingComplete (34ms)
	LoadAllAssembliesAndSetupDomain (424ms)
		LoadAssemblies (286ms)
		RebuildTransferFunctionScriptingTraits (0ms)
		AnalyzeDomain (207ms)
			TypeCache.Refresh (191ms)
				TypeCache.ScanAssembly (121ms)
			ScanForSourceGeneratedMonoScriptInfo (11ms)
			ResolveRequiredComponents (4ms)
	FinalizeReload (483ms)
		ReleaseScriptCaches (0ms)
		RebuildScriptCaches (0ms)
		SetupLoadedEditorAssemblies (361ms)
			LogAssemblyErrors (0ms)
			InitializePlatformSupportModulesInManaged (5ms)
			SetLoadedEditorAssemblies (3ms)
			RefreshPlugins (0ms)
			BeforeProcessingInitializeOnLoad (47ms)
			ProcessInitializeOnLoadAttributes (285ms)
			ProcessInitializeOnLoadMethodAttributes (17ms)
			AfterProcessingInitializeOnLoad (4ms)
			EditorAssembliesLoaded (0ms)
		ExecutionOrderSort2 (0ms)
		AwakeInstancesAfterBackupRestoration (5ms)
Launched and connected shader compiler UnityShaderCompiler.exe after 0.05 seconds
Refreshing native plugins compatible for Editor in 1.98 ms, found 3 plugins.
Preloading 0 native plugins for Editor in 0.00 ms.
Unloading 3151 Unused Serialized files (Serialized files now loaded: 0)
Unloading 34 unused Assets / (57.3 KB). Loaded Objects now: 3615.
Memory consumption went from 127.7 MB to 127.7 MB.
Total: 2.924800 ms (FindLiveObjects: 0.233800 ms CreateObjectMapping: 0.106300 ms MarkObjects: 2.481600 ms  DeleteObjects: 0.102000 ms)

AssetImportParameters requested are different than current active one (requested -> active):
  custom:container-demuxer-ogg: 62fdf1f143b41e24485cea50d1cbac27 -> 
  custom:video-codec-MediaFoundation-h265: 746d11721c4dcdbdad8f713fa42b33f4 -> 
  custom:video-decoder-ogg-theora: a1e56fd34408186e4bbccfd4996cb3dc -> 
  custom:framework-win-MediaFoundation: 216162199b28c13a410421893ffa2e32 -> 
  custom:CustomObjectIndexerAttribute: 756ad292c208cfabdd7b50bc23989ffe -> 
  custom:container-demuxer-webm: 4f35f7cbe854078d1ac9338744f61a02 -> 
  custom:container-muxer-webm: aa71ff27fc2769a1b78a27578f13a17b -> 
  custom:video-decoder-webm-vp8: 9c59270c3fd7afecdb556c50c9e8de78 -> 
  custom:SearchIndexIgnoredProperties: e643bd26f0fe6173181afceb89e7c659 -> 
  custom:AudioImporter_EditorPlatform: d09bf68614088b80899f8185d706f6e7 -> 
  custom:video-encoder-webm-vp8: eb34c28f22e8b96e1ab97ce403110664 -> 
  custom:audio-decoder-ogg-vorbis: bf7c407c2cedff20999df2af8eb42d56 -> 
  custom:audio-encoder-webm-vorbis: bf7c407c2cedff20999df2af8eb42d56 -> 
========================================================================
Received Import Request.
  Time since last request: 2129521.469470 seconds.
  path: Assets/assets/Button/Option Button 1.png
  artifactKey: Guid(240dbca59df6b154a9c0bc24de3c93e8) Importer(815301076,1909f56bfc062723c751e8b465ee728b)
Start importing Assets/assets/Button/Option Button 1.png using Guid(240dbca59df6b154a9c0bc24de3c93e8) Importer(815301076,1909f56bfc062723c751e8b465ee728b)  -> (artifact id: 'ac1379b14f5a2dc4da239386b111c44a') in 0.061113 seconds
Number of updated asset objects reloaded before import = 0
Number of asset objects unloaded after import = 2
========================================================================
Received Import Request.
  Time since last request: 61.681413 seconds.
  path: Assets/assets/Button 1/1.png
  artifactKey: Guid(7ab99740975e9074d844b0791983b6b0) Importer(815301076,1909f56bfc062723c751e8b465ee728b)
Start importing Assets/assets/Button 1/1.png using Guid(7ab99740975e9074d844b0791983b6b0) Importer(815301076,1909f56bfc062723c751e8b465ee728b)  -> (artifact id: 'b043edd8db16b76cbd83ce79a099f083') in 0.073043 seconds
Number of updated asset objects reloaded before import = 0
Number of asset objects unloaded after import = 3
========================================================================
Received Import Request.
  Time since last request: 0.000021 seconds.
  path: Assets/assets/Button 1/Pause Setting.png
  artifactKey: Guid(67a6bbbba5cc27e478c6dd828df80dee) Importer(815301076,1909f56bfc062723c751e8b465ee728b)
Start importing Assets/assets/Button 1/Pause Setting.png using Guid(67a6bbbba5cc27e478c6dd828df80dee) Importer(815301076,1909f56bfc062723c751e8b465ee728b)  -> (artifact id: 'ad8ad0596a3f4372b3bbca7c8464fbd4') in 0.044678 seconds
Number of updated asset objects reloaded before import = 0
Number of asset objects unloaded after import = 3
========================================================================
Received Import Request.
  Time since last request: 0.000116 seconds.
  path: Assets/assets/Button 1/HOme button 1.png
  artifactKey: Guid(d76c5e220acfc794ba0823b102f0656e) Importer(815301076,1909f56bfc062723c751e8b465ee728b)
Start importing Assets/assets/Button 1/HOme button 1.png using Guid(d76c5e220acfc794ba0823b102f0656e) Importer(815301076,1909f56bfc062723c751e8b465ee728b)  -> (artifact id: '43a42ea550ca8ea783416b364e1e21b8') in 0.019781 seconds
Number of updated asset objects reloaded before import = 0
Number of asset objects unloaded after import = 3
========================================================================
Received Import Request.
  Time since last request: 0.000046 seconds.
  path: Assets/assets/Button 1/Quit button.png
  artifactKey: Guid(db3be670a31789345afc1f41722ea025) Importer(815301076,1909f56bfc062723c751e8b465ee728b)
Start importing Assets/assets/Button 1/Quit button.png using Guid(db3be670a31789345afc1f41722ea025) Importer(815301076,1909f56bfc062723c751e8b465ee728b)  -> (artifact id: 'a75b39de6d25edc9b915bfdb77d075a7') in 0.019662 seconds
Number of updated asset objects reloaded before import = 0
Number of asset objects unloaded after import = 3
========================================================================
Received Import Request.
  Time since last request: 0.000023 seconds.
  path: Assets/assets/Button 1/HOme button.png
  artifactKey: Guid(3d0bf2b2b4128604387137e3a7173e6e) Importer(815301076,1909f56bfc062723c751e8b465ee728b)
Start importing Assets/assets/Button 1/HOme button.png using Guid(3d0bf2b2b4128604387137e3a7173e6e) Importer(815301076,1909f56bfc062723c751e8b465ee728b)  -> (artifact id: '32e5d328b5c939f1d831321dad45f4ad') in 0.021655 seconds
Number of updated asset objects reloaded before import = 0
Number of asset objects unloaded after import = 3
========================================================================
Received Import Request.
  Time since last request: 0.000018 seconds.
  path: Assets/assets/Button 1/Option Button.png
  artifactKey: Guid(5673d660d0461cc44b540d4b9e883d4b) Importer(815301076,1909f56bfc062723c751e8b465ee728b)
Start importing Assets/assets/Button 1/Option Button.png using Guid(5673d660d0461cc44b540d4b9e883d4b) Importer(815301076,1909f56bfc062723c751e8b465ee728b)  -> (artifact id: '8a0db19d4a1a8d41c276c06b1c75a350') in 0.018483 seconds
Number of updated asset objects reloaded before import = 0
Number of asset objects unloaded after import = 3
========================================================================
Received Import Request.
  Time since last request: 0.000021 seconds.
  path: Assets/assets/Button 1/Pause Button.png
  artifactKey: Guid(62f3aec2cccb79d4cbe34750a1f35ba5) Importer(815301076,1909f56bfc062723c751e8b465ee728b)
Start importing Assets/assets/Button 1/Pause Button.png using Guid(62f3aec2cccb79d4cbe34750a1f35ba5) Importer(815301076,1909f56bfc062723c751e8b465ee728b)  -> (artifact id: '31a4235a81843aad5e70fc1e65c3d629') in 0.018978 seconds
Number of updated asset objects reloaded before import = 0
Number of asset objects unloaded after import = 3
========================================================================
Received Import Request.
  Time since last request: 0.000018 seconds.
  path: Assets/assets/Button 1/4.png
  artifactKey: Guid(f68cf752524380b40b4677354573f8f2) Importer(815301076,1909f56bfc062723c751e8b465ee728b)
Start importing Assets/assets/Button 1/4.png using Guid(f68cf752524380b40b4677354573f8f2) Importer(815301076,1909f56bfc062723c751e8b465ee728b)  -> (artifact id: '54e6fc6bbcd178b96a8d50aff7e3dd0c') in 0.020052 seconds
Number of updated asset objects reloaded before import = 0
Number of asset objects unloaded after import = 3
Editor requested this worker to shutdown with reason: Scaling down because of idle timeout
TcpMessagingSession - receive error: operation aborted. errorcode: 995, details: The I/O operation has been aborted because of either a thread exit or an application request.
AssetImportWorker is now disconnected from the server
Process exiting
Exiting without the bug reporter. Application will terminate with return code 0